2023-05-30 17:23:34,204 INFO o.a.j.u.JMeterUtils: Setting Locale to en_EN
2023-05-30 17:23:34,235 INFO o.a.j.JMeter: Loading user properties from: /usr/local/Cellar/jmeter/5.5/libexec/bin/user.properties
2023-05-30 17:23:34,235 INFO o.a.j.JMeter: Loading system properties from: /usr/local/Cellar/jmeter/5.5/libexec/bin/system.properties
2023-05-30 17:23:34,247 INFO o.a.j.JMeter: Copyright (c) 1998-2022 The Apache Software Foundation
2023-05-30 17:23:34,247 INFO o.a.j.JMeter: Version 5.5
2023-05-30 17:23:34,247 INFO o.a.j.JMeter: java.version=17.0.7
2023-05-30 17:23:34,248 INFO o.a.j.JMeter: java.vm.name=OpenJDK 64-Bit Server VM
2023-05-30 17:23:34,248 INFO o.a.j.JMeter: os.name=Mac OS X
2023-05-30 17:23:34,248 INFO o.a.j.JMeter: os.arch=x86_64
2023-05-30 17:23:34,248 INFO o.a.j.JMeter: os.version=12.2.1
2023-05-30 17:23:34,248 INFO o.a.j.JMeter: file.encoding=UTF-8
2023-05-30 17:23:34,249 INFO o.a.j.JMeter: java.awt.headless=null
2023-05-30 17:23:34,249 INFO o.a.j.JMeter: Max memory     =1073741824
2023-05-30 17:23:34,249 INFO o.a.j.JMeter: Available Processors =10
2023-05-30 17:23:34,263 INFO o.a.j.JMeter: Default Locale=English (EN)
2023-05-30 17:23:34,263 INFO o.a.j.JMeter: JMeter  Locale=English (EN)
2023-05-30 17:23:34,263 INFO o.a.j.JMeter: JMeterHome=/usr/local/Cellar/jmeter/5.5/libexec
2023-05-30 17:23:34,263 INFO o.a.j.JMeter: user.dir  =/Users/basil/Desktop/Personal/SMU Materials/IS/TikTok_immersion/backend_assignment/TikTok_immersion_backend_assignment/rpc-server
2023-05-30 17:23:34,263 INFO o.a.j.JMeter: PWD       =/Users/basil/Desktop/Personal/SMU Materials/IS/TikTok_immersion/backend_assignment/TikTok_immersion_backend_assignment/rpc-server
2023-05-30 17:23:34,273 INFO o.a.j.JMeter: IP: 192.168.1.147 Name: Basil FullName: basil
2023-05-30 17:23:34,291 INFO o.a.j.JMeter: Loaded icon properties from org/apache/jmeter/images/icon.properties
2023-05-30 17:23:34,807 INFO o.a.j.JMeterGuiLauncher: Setting LAF to: com.github.weisj.darklaf.DarkLaf:com.github.weisj.darklaf.theme.DarculaTheme
2023-05-30 17:23:38,333 INFO o.j.r.JARSourceHTTP: Requesting https://jmeter-plugins.org/repo/?installID=mac_os_x-7b4d857e16e703cef1db60d6484ba74f-gui
2023-05-30 17:23:40,978 INFO o.j.r.PluginManager: Plugins Status: [jpgc-plugins-manager=1.7, jmeter-core=5.5, jmeter-ftp=5.5, jmeter-http=5.5, jmeter-jdbc=5.5, jmeter-jms=5.5, jmeter-junit=5.5, jmeter-java=5.5, jmeter-ldap=5.5, jmeter-mail=5.5, jmeter-mongodb=5.5, jmeter-native=5.5, jmeter-tcp=5.5, jmeter-components=5.5]
2023-05-30 17:23:40,987 INFO o.j.r.PluginManagerMenuItem: Plugins Manager has upgrades: [jpgc-plugins-manager]
2023-05-30 17:24:19,114 INFO o.a.j.s.FileServer: Default base='/Users/basil/Desktop/Personal/SMU Materials/IS/TikTok_immersion/backend_assignment/TikTok_immersion_backend_assignment/rpc-server'
2023-05-30 17:24:19,124 INFO o.a.j.g.a.Load: Loading file: /Users/basil/Desktop/Personal/SMU Materials/IS/TikTok_immersion/backend_assignment/TikTok_immersion_backend_assignment/rpc-server/HTTP Request.jmx
2023-05-30 17:24:19,124 INFO o.a.j.s.FileServer: Set new base='/Users/basil/Desktop/Personal/SMU Materials/IS/TikTok_immersion/backend_assignment/TikTok_immersion_backend_assignment/rpc-server'
2023-05-30 17:24:19,620 INFO o.a.j.s.SaveService: Testplan (JMX) version: 2.2. Testlog (JTL) version: 2.2
2023-05-30 17:24:19,652 INFO o.a.j.s.SaveService: Using SaveService properties version 5.0
2023-05-30 17:24:19,656 INFO o.a.j.s.SaveService: Using SaveService properties file encoding UTF-8
2023-05-30 17:24:19,658 INFO o.a.j.s.SaveService: Loading file: /Users/basil/Desktop/Personal/SMU Materials/IS/TikTok_immersion/backend_assignment/TikTok_immersion_backend_assignment/rpc-server/HTTP Request.jmx
2023-05-30 17:24:19,764 INFO o.a.j.p.h.s.HTTPSamplerBase: Parser for text/html is org.apache.jmeter.protocol.http.parser.LagartoBasedHtmlParser
2023-05-30 17:24:19,765 INFO o.a.j.p.h.s.HTTPSamplerBase: Parser for application/xhtml+xml is org.apache.jmeter.protocol.http.parser.LagartoBasedHtmlParser
2023-05-30 17:24:19,765 INFO o.a.j.p.h.s.HTTPSamplerBase: Parser for application/xml is org.apache.jmeter.protocol.http.parser.LagartoBasedHtmlParser
2023-05-30 17:24:19,765 INFO o.a.j.p.h.s.HTTPSamplerBase: Parser for text/xml is org.apache.jmeter.protocol.http.parser.LagartoBasedHtmlParser
2023-05-30 17:24:19,765 INFO o.a.j.p.h.s.HTTPSamplerBase: Parser for text/vnd.wap.wml is org.apache.jmeter.protocol.http.parser.RegexpHTMLParser
2023-05-30 17:24:19,765 INFO o.a.j.p.h.s.HTTPSamplerBase: Parser for text/css is org.apache.jmeter.protocol.http.parser.CssParser
2023-05-30 17:24:20,076 INFO o.a.j.s.SampleResult: Note: Sample TimeStamps are START times
2023-05-30 17:24:20,078 INFO o.a.j.s.SampleResult: sampleresult.default.encoding is set to ISO-8859-1
2023-05-30 17:24:20,078 INFO o.a.j.s.SampleResult: sampleresult.useNanoTime=true
2023-05-30 17:24:20,078 INFO o.a.j.s.SampleResult: sampleresult.nanoThreadSleep=5000
2023-05-30 17:24:20,221 INFO o.a.j.v.ViewResultsFullVisualizer: Add JavaFX to your Java installation if you want to use renderer: org.apache.jmeter.visualizers.RenderInBrowser
2023-05-30 17:24:20,414 INFO o.a.j.s.FileServer: Set new base='/Users/basil/Desktop/Personal/SMU Materials/IS/TikTok_immersion/backend_assignment/TikTok_immersion_backend_assignment/rpc-server'
2023-05-30 17:24:28,961 INFO o.a.j.e.StandardJMeterEngine: Running the test!
2023-05-30 17:24:28,968 INFO o.a.j.s.SampleEvent: List of sample_variables: []
2023-05-30 17:24:28,969 INFO o.a.j.s.SampleEvent: List of sample_variables: []
2023-05-30 17:24:28,975 INFO o.a.j.e.u.CompoundVariable: Note: Function class names must contain the string: '.functions.'
2023-05-30 17:24:28,976 INFO o.a.j.e.u.CompoundVariable: Note: Function class names must not contain the string: '.gui.'
2023-05-30 17:24:29,035 INFO o.a.j.g.u.JMeterMenuBar: setRunning(true, *local*)
2023-05-30 17:24:29,133 INFO o.a.j.e.StandardJMeterEngine: Starting ThreadGroup: 1 : Thread Group
2023-05-30 17:24:29,138 INFO o.a.j.e.StandardJMeterEngine: Starting 20 threads for group Thread Group.
2023-05-30 17:24:29,139 INFO o.a.j.e.StandardJMeterEngine: Thread will continue on error
2023-05-30 17:24:29,141 INFO o.a.j.t.ThreadGroup: Starting thread group... number=1 threads=20 ramp-up=10 delayedStart=false
2023-05-30 17:24:29,178 INFO o.a.j.t.JMeterThread: Thread started: Thread Group 1-1
2023-05-30 17:24:29,250 INFO o.a.j.p.h.s.HTTPHCAbstractImpl: Local host = Basil
2023-05-30 17:24:29,251 INFO o.a.j.t.ThreadGroup: Started thread group number 1
2023-05-30 17:24:29,251 INFO o.a.j.e.StandardJMeterEngine: All thread groups have been started
2023-05-30 17:24:29,262 INFO o.a.j.p.h.s.HTTPHC4Impl: HTTP request retry count = 0
2023-05-30 17:24:29,397 INFO o.a.j.t.JMeterThread: Thread is done: Thread Group 1-1
2023-05-30 17:24:29,397 INFO o.a.j.t.JMeterThread: Thread finished: Thread Group 1-1
2023-05-30 17:24:29,652 INFO o.a.j.t.JMeterThread: Thread started: Thread Group 1-2
2023-05-30 17:24:29,701 INFO o.a.j.t.JMeterThread: Thread is done: Thread Group 1-2
2023-05-30 17:24:29,701 INFO o.a.j.t.JMeterThread: Thread finished: Thread Group 1-2
2023-05-30 17:24:30,150 INFO o.a.j.t.JMeterThread: Thread started: Thread Group 1-3
2023-05-30 17:24:30,215 INFO o.a.j.t.JMeterThread: Thread is done: Thread Group 1-3
2023-05-30 17:24:30,215 INFO o.a.j.t.JMeterThread: Thread finished: Thread Group 1-3
2023-05-30 17:24:30,650 INFO o.a.j.t.JMeterThread: Thread started: Thread Group 1-4
2023-05-30 17:24:30,712 INFO o.a.j.t.JMeterThread: Thread is done: Thread Group 1-4
2023-05-30 17:24:30,713 INFO o.a.j.t.JMeterThread: Thread finished: Thread Group 1-4
2023-05-30 17:24:31,148 INFO o.a.j.t.JMeterThread: Thread started: Thread Group 1-5
2023-05-30 17:24:31,211 INFO o.a.j.t.JMeterThread: Thread is done: Thread Group 1-5
2023-05-30 17:24:31,211 INFO o.a.j.t.JMeterThread: Thread finished: Thread Group 1-5
2023-05-30 17:24:31,663 INFO o.a.j.t.JMeterThread: Thread started: Thread Group 1-6
2023-05-30 17:24:31,714 INFO o.a.j.t.JMeterThread: Thread is done: Thread Group 1-6
2023-05-30 17:24:31,714 INFO o.a.j.t.JMeterThread: Thread finished: Thread Group 1-6
2023-05-30 17:24:32,149 INFO o.a.j.t.JMeterThread: Thread started: Thread Group 1-7
2023-05-30 17:24:32,224 INFO o.a.j.t.JMeterThread: Thread is done: Thread Group 1-7
2023-05-30 17:24:32,224 INFO o.a.j.t.JMeterThread: Thread finished: Thread Group 1-7
2023-05-30 17:24:32,649 INFO o.a.j.t.JMeterThread: Thread started: Thread Group 1-8
2023-05-30 17:24:32,692 INFO o.a.j.t.JMeterThread: Thread is done: Thread Group 1-8
2023-05-30 17:24:32,692 INFO o.a.j.t.JMeterThread: Thread finished: Thread Group 1-8
2023-05-30 17:24:33,147 INFO o.a.j.t.JMeterThread: Thread started: Thread Group 1-9
2023-05-30 17:24:33,206 INFO o.a.j.t.JMeterThread: Thread is done: Thread Group 1-9
2023-05-30 17:24:33,206 INFO o.a.j.t.JMeterThread: Thread finished: Thread Group 1-9
2023-05-30 17:24:33,649 INFO o.a.j.t.JMeterThread: Thread started: Thread Group 1-10
2023-05-30 17:24:33,702 INFO o.a.j.t.JMeterThread: Thread is done: Thread Group 1-10
2023-05-30 17:24:33,702 INFO o.a.j.t.JMeterThread: Thread finished: Thread Group 1-10
2023-05-30 17:24:34,169 INFO o.a.j.t.JMeterThread: Thread started: Thread Group 1-11
2023-05-30 17:24:34,230 INFO o.a.j.t.JMeterThread: Thread is done: Thread Group 1-11
2023-05-30 17:24:34,230 INFO o.a.j.t.JMeterThread: Thread finished: Thread Group 1-11
2023-05-30 17:24:34,655 INFO o.a.j.t.JMeterThread: Thread started: Thread Group 1-12
2023-05-30 17:24:34,730 INFO o.a.j.t.JMeterThread: Thread is done: Thread Group 1-12
2023-05-30 17:24:34,730 INFO o.a.j.t.JMeterThread: Thread finished: Thread Group 1-12
2023-05-30 17:24:35,156 INFO o.a.j.t.JMeterThread: Thread started: Thread Group 1-13
2023-05-30 17:24:35,251 INFO o.a.j.t.JMeterThread: Thread is done: Thread Group 1-13
2023-05-30 17:24:35,252 INFO o.a.j.t.JMeterThread: Thread finished: Thread Group 1-13
2023-05-30 17:24:35,651 INFO o.a.j.t.JMeterThread: Thread started: Thread Group 1-14
2023-05-30 17:24:35,750 INFO o.a.j.t.JMeterThread: Thread is done: Thread Group 1-14
2023-05-30 17:24:35,750 INFO o.a.j.t.JMeterThread: Thread finished: Thread Group 1-14
2023-05-30 17:24:36,153 INFO o.a.j.t.JMeterThread: Thread started: Thread Group 1-15
2023-05-30 17:24:36,206 INFO o.a.j.t.JMeterThread: Thread is done: Thread Group 1-15
2023-05-30 17:24:36,207 INFO o.a.j.t.JMeterThread: Thread finished: Thread Group 1-15
2023-05-30 17:24:36,653 INFO o.a.j.t.JMeterThread: Thread started: Thread Group 1-16
2023-05-30 17:24:36,717 INFO o.a.j.t.JMeterThread: Thread is done: Thread Group 1-16
2023-05-30 17:24:36,717 INFO o.a.j.t.JMeterThread: Thread finished: Thread Group 1-16
2023-05-30 17:24:37,149 INFO o.a.j.t.JMeterThread: Thread started: Thread Group 1-17
2023-05-30 17:24:37,217 INFO o.a.j.t.JMeterThread: Thread is done: Thread Group 1-17
2023-05-30 17:24:37,218 INFO o.a.j.t.JMeterThread: Thread finished: Thread Group 1-17
2023-05-30 17:24:37,653 INFO o.a.j.t.JMeterThread: Thread started: Thread Group 1-18
2023-05-30 17:24:37,707 INFO o.a.j.t.JMeterThread: Thread is done: Thread Group 1-18
2023-05-30 17:24:37,707 INFO o.a.j.t.JMeterThread: Thread finished: Thread Group 1-18
2023-05-30 17:24:38,153 INFO o.a.j.t.JMeterThread: Thread started: Thread Group 1-19
2023-05-30 17:24:38,220 INFO o.a.j.t.JMeterThread: Thread is done: Thread Group 1-19
2023-05-30 17:24:38,221 INFO o.a.j.t.JMeterThread: Thread finished: Thread Group 1-19
2023-05-30 17:24:38,654 INFO o.a.j.t.JMeterThread: Thread started: Thread Group 1-20
2023-05-30 17:24:38,732 INFO o.a.j.t.JMeterThread: Thread is done: Thread Group 1-20
2023-05-30 17:24:38,732 INFO o.a.j.t.JMeterThread: Thread finished: Thread Group 1-20
2023-05-30 17:24:38,732 INFO o.a.j.e.StandardJMeterEngine: Notifying test listeners of end of test
2023-05-30 17:24:38,735 INFO o.a.j.g.u.JMeterMenuBar: setRunning(false, *local*)
